Determining if the pthread_create exist failed with the following output:
Change Dir: /home/czr/gameServer/build/CMakeFiles/CMakeTmp

Run Build Command:"/usr/bin/make" "cmTC_35b9f/fast"
/usr/bin/make -f CMakeFiles/cmTC_35b9f.dir/build.make CMakeFiles/cmTC_35b9f.dir/build
make[1]: Entering directory '/home/czr/gameServer/build/CMakeFiles/CMakeTmp'
Building C object CMakeFiles/cmTC_35b9f.dir/CheckSymbolExists.c.o
/usr/bin/cc    -o CMakeFiles/cmTC_35b9f.dir/CheckSymbolExists.c.o   -c /home/czr/gameServer/build/CMakeFiles/CMakeTmp/CheckSymbolExists.c
Linking C executable cmTC_35b9f
/usr/bin/cmake -E cmake_link_script CMakeFiles/cmTC_35b9f.dir/link.txt --verbose=1
/usr/bin/cc      CMakeFiles/cmTC_35b9f.dir/CheckSymbolExists.c.o  -o cmTC_35b9f 
CMakeFiles/cmTC_35b9f.dir/CheckSymbolExists.c.o: In function `main':
CheckSymbolExists.c:(.text+0x1b): undefined reference to `pthread_create'
collect2: error: ld returned 1 exit status
CMakeFiles/cmTC_35b9f.dir/build.make:97: recipe for target 'cmTC_35b9f' failed
make[1]: *** [cmTC_35b9f] Error 1
make[1]: Leaving directory '/home/czr/gameServer/build/CMakeFiles/CMakeTmp'
Makefile:126: recipe for target 'cmTC_35b9f/fast' failed
make: *** [cmTC_35b9f/fast] Error 2

File /home/czr/gameServer/build/CMakeFiles/CMakeTmp/CheckSymbolExists.c:
/* */
#include <pthread.h>

int main(int argc, char** argv)
{
  (void)argv;
#ifndef pthread_create
  return ((int*)(&pthread_create))[argc];
#else
  (void)argc;
  return 0;
#endif
}

Determining if the function pthread_create exists in the pthreads failed with the following output:
Change Dir: /home/czr/gameServer/build/CMakeFiles/CMakeTmp

Run Build Command:"/usr/bin/make" "cmTC_f32fb/fast"
/usr/bin/make -f CMakeFiles/cmTC_f32fb.dir/build.make CMakeFiles/cmTC_f32fb.dir/build
make[1]: Entering directory '/home/czr/gameServer/build/CMakeFiles/CMakeTmp'
Building C object CMakeFiles/cmTC_f32fb.dir/CheckFunctionExists.c.o
/usr/bin/cc   -DCHECK_FUNCTION_EXISTS=pthread_create   -o CMakeFiles/cmTC_f32fb.dir/CheckFunctionExists.c.o   -c /usr/share/cmake-3.10/Modules/CheckFunctionExists.c
Linking C executable cmTC_f32fb
/usr/bin/cmake -E cmake_link_script CMakeFiles/cmTC_f32fb.dir/link.txt --verbose=1
/usr/bin/cc  -DCHECK_FUNCTION_EXISTS=pthread_create    CMakeFiles/cmTC_f32fb.dir/CheckFunctionExists.c.o  -o cmTC_f32fb -lpthreads 
/usr/bin/ld: cannot find -lpthreads
collect2: error: ld returned 1 exit status
CMakeFiles/cmTC_f32fb.dir/build.make:97: recipe for target 'cmTC_f32fb' failed
make[1]: *** [cmTC_f32fb] Error 1
make[1]: Leaving directory '/home/czr/gameServer/build/CMakeFiles/CMakeTmp'
Makefile:126: recipe for target 'cmTC_f32fb/fast' failed
make: *** [cmTC_f32fb/fast] Error 2


